<?xml version="1.0" encoding="UTF-8"?>
<!-- Generated by org.testng.reporters.JUnitXMLReporter -->
<testsuite ignored="0" hostname="BINTERNS-QA31L" failures="0" tests="10" name="Surefire test" time="38.609" errors="0" timestamp="2023-05-11T18:48:03 IST">
  <testcase classname="Netmeds_Test.Netmeds_Test_3" name="Order_Medicine" time="1.333"/>
  <testcase classname="Netmeds_Test.Netmeds_Test_3" name="Upload_Now" time="0.07"/>
  <testcase classname="Netmeds_Test.Netmeds_Test_3" name="Consult_Doctor" time="0.04"/>
  <testcase classname="Netmeds_Test.Netmeds_Test_3" name="Shop_by_Category" time="0.046"/>
  <testcase classname="Netmeds_Test.Netmeds_Test_3" name="Petcare" time="5.5"/>
  <testcase classname="Netmeds_Test.Netmeds_Test_3" name="Vitamins_Supplements" time="4.218"/>
  <testcase classname="Netmeds_Test.Netmeds_Test_3" name="Orthopaedics" time="4.568"/>
  <testcase classname="Netmeds_Test.Netmeds_Test_3" name="Measurements" time="4.749"/>
  <testcase classname="Netmeds_Test.Netmeds_Test_3" name="Dilutions" time="4.714"/>
  <testcase classname="Netmeds_Test.Netmeds_Test_3" name="Health_Concerns" time="2.061"/>
</testsuite> <!-- Surefire test -->
