<?xml version="1.0" encoding="UTF-8"?>
<testng-results ignored="0" total="10" passed="10" failed="0" skipped="0">
  <reporter-output>
  </reporter-output>
  <suite started-at="2023-05-11T18:47:24 IST" name="Surefire suite" finished-at="2023-05-11T18:48:03 IST" duration-ms="38609">
    <groups>
    </groups>
    <test started-at="2023-05-11T18:47:24 IST" name="Surefire test" finished-at="2023-05-11T18:48:03 IST" duration-ms="38609">
      <class name="Netmeds_Test.Netmeds_Test_3">
        <test-method is-config="true" signature="x()[pri:0, instance:Netmeds_Test.Netmeds_Test_3@6af93788]" started-at="2023-05-11T18:47:24 IST" name="x" finished-at="2023-05-11T18:47:24 IST" duration-ms="120" status="PASS">
          <reporter-output>
          </reporter-output>
        </test-method> <!-- x -->
        <test-method is-config="true" signature="launchWebsite()[pri:0, instance:Netmeds_Test.Netmeds_Test_3@6af93788]" started-at="2023-05-11T18:47:24 IST" name="launchWebsite" finished-at="2023-05-11T18:47:35 IST" duration-ms="10777" status="PASS">
          <reporter-output>
          </reporter-output>
        </test-method> <!-- launchWebsite -->
        <test-method signature="Order_Medicine()[pri:1, instance:Netmeds_Test.Netmeds_Test_3@6af93788]" started-at="2023-05-11T18:47:35 IST" name="Order_Medicine" finished-at="2023-05-11T18:47:36 IST" duration-ms="1333" status="PASS">
          <reporter-output>
          </reporter-output>
        </test-method> <!-- Order_Medicine -->
        <test-method signature="Upload_Now()[pri:2, instance:Netmeds_Test.Netmeds_Test_3@6af93788]" started-at="2023-05-11T18:47:36 IST" name="Upload_Now" finished-at="2023-05-11T18:47:36 IST" duration-ms="70" status="PASS">
          <reporter-output>
          </reporter-output>
        </test-method> <!-- Upload_Now -->
        <test-method signature="Consult_Doctor()[pri:3, instance:Netmeds_Test.Netmeds_Test_3@6af93788]" started-at="2023-05-11T18:47:36 IST" name="Consult_Doctor" finished-at="2023-05-11T18:47:37 IST" duration-ms="40" status="PASS">
          <reporter-output>
          </reporter-output>
        </test-method> <!-- Consult_Doctor -->
        <test-method signature="Shop_by_Category()[pri:4, instance:Netmeds_Test.Netmeds_Test_3@6af93788]" started-at="2023-05-11T18:47:37 IST" name="Shop_by_Category" finished-at="2023-05-11T18:47:37 IST" duration-ms="46" status="PASS">
          <reporter-output>
          </reporter-output>
        </test-method> <!-- Shop_by_Category -->
        <test-method signature="Petcare()[pri:5, instance:Netmeds_Test.Netmeds_Test_3@6af93788]" started-at="2023-05-11T18:47:37 IST" name="Petcare" finished-at="2023-05-11T18:47:42 IST" duration-ms="5500" status="PASS">
          <reporter-output>
          </reporter-output>
        </test-method> <!-- Petcare -->
        <test-method signature="Vitamins_Supplements()[pri:6, instance:Netmeds_Test.Netmeds_Test_3@6af93788]" started-at="2023-05-11T18:47:42 IST" name="Vitamins_Supplements" finished-at="2023-05-11T18:47:46 IST" duration-ms="4218" status="PASS">
          <reporter-output>
          </reporter-output>
        </test-method> <!-- Vitamins_Supplements -->
        <test-method signature="Orthopaedics()[pri:7, instance:Netmeds_Test.Netmeds_Test_3@6af93788]" started-at="2023-05-11T18:47:46 IST" name="Orthopaedics" finished-at="2023-05-11T18:47:51 IST" duration-ms="4568" status="PASS">
          <reporter-output>
          </reporter-output>
        </test-method> <!-- Orthopaedics -->
        <test-method signature="Measurements()[pri:8, instance:Netmeds_Test.Netmeds_Test_3@6af93788]" started-at="2023-05-11T18:47:51 IST" name="Measurements" finished-at="2023-05-11T18:47:56 IST" duration-ms="4749" status="PASS">
          <reporter-output>
          </reporter-output>
        </test-method> <!-- Measurements -->
        <test-method signature="Dilutions()[pri:9, instance:Netmeds_Test.Netmeds_Test_3@6af93788]" started-at="2023-05-11T18:47:56 IST" name="Dilutions" finished-at="2023-05-11T18:48:00 IST" duration-ms="4714" status="PASS">
          <reporter-output>
          </reporter-output>
        </test-method> <!-- Dilutions -->
        <test-method signature="Health_Concerns()[pri:10, instance:Netmeds_Test.Netmeds_Test_3@6af93788]" started-at="2023-05-11T18:48:00 IST" name="Health_Concerns" finished-at="2023-05-11T18:48:02 IST" duration-ms="2061" status="PASS">
          <reporter-output>
          </reporter-output>
        </test-method> <!-- Health_Concerns -->
        <test-method is-config="true" signature="terminate()[pri:0, instance:Netmeds_Test.Netmeds_Test_3@6af93788]" started-at="2023-05-11T18:48:02 IST" name="terminate" finished-at="2023-05-11T18:48:03 IST" duration-ms="250" status="PASS">
          <reporter-output>
          </reporter-output>
        </test-method> <!-- terminate -->
        <test-method is-config="true" signature="y()[pri:0, instance:Netmeds_Test.Netmeds_Test_3@6af93788]" started-at="2023-05-11T18:48:03 IST" name="y" finished-at="2023-05-11T18:48:03 IST" duration-ms="126" status="PASS">
          <reporter-output>
          </reporter-output>
        </test-method> <!-- y -->
      </class> <!-- Netmeds_Test.Netmeds_Test_3 -->
    </test> <!-- Surefire test -->
  </suite> <!-- Surefire suite -->
</testng-results>
